c:\source\c2_vs2017\c2\debug soft\vc141.pdb
c:\source\c2_vs2017\c2\debug soft\vc141.idb
c:\source\c2_vs2017\c2\debug soft\resources.obj
c:\source\c2_vs2017\c2\debug soft\math.obj
c:\source\c2_vs2017\c2\debug soft\interface.obj
c:\source\c2_vs2017\c2\debug soft\hunt.obj
c:\source\c2_vs2017\c2\debug soft\game.obj
c:\source\c2_vs2017\c2\debug soft\characters.obj
c:\source\c2_vs2017\c2\debug soft\audio_dll.obj
c:\source\c2_vs2017\c2\debug soft\renderasm.obj
c:\source\c2_vs2017\c2\debug soft\rendersoft.obj
c:\source\c2_vs2017\c2\debug soft\appres.res
c:\source\c2_vs2017\debug soft\c2.pdb
c:\source\c2_vs2017\c2\debug soft\c2.tlog\cl.command.1.tlog
c:\source\c2_vs2017\c2\debug soft\c2.tlog\cl.read.1.tlog
c:\source\c2_vs2017\c2\debug soft\c2.tlog\cl.write.1.tlog
c:\source\c2_vs2017\c2\debug soft\c2.tlog\link-cvtres.read.1.tlog
c:\source\c2_vs2017\c2\debug soft\c2.tlog\link-cvtres.write.1.tlog
c:\source\c2_vs2017\c2\debug soft\c2.tlog\link-rc.read.1.tlog
c:\source\c2_vs2017\c2\debug soft\c2.tlog\link-rc.write.1.tlog
c:\source\c2_vs2017\c2\debug soft\c2.tlog\link.command.1.tlog
c:\source\c2_vs2017\c2\debug soft\c2.tlog\link.read.1.tlog
c:\source\c2_vs2017\c2\debug soft\c2.tlog\link.write.1.tlog
c:\source\c2_vs2017\c2\debug soft\c2.tlog\rc.command.1.tlog
c:\source\c2_vs2017\c2\debug soft\c2.tlog\rc.read.1.tlog
c:\source\c2_vs2017\c2\debug soft\c2.tlog\rc.write.1.tlog
