c:\users\ojm14\documents\github\carnivores-cpe\c2_vs2017\release 3dfx\v_3dfx.ipdb
c:\users\ojm14\documents\github\carnivores-cpe\c2_vs2017\release 3dfx\v_3dfx.iobj
c:\users\ojm14\documents\github\carnivores-cpe\c2_vs2017\c2\release 3dfx\vc141.pdb
c:\users\ojm14\documents\github\carnivores-cpe\c2_vs2017\c2\release 3dfx\render3dfx.obj
c:\users\ojm14\documents\github\carnivores-cpe\c2_vs2017\c2\release 3dfx\hunt.obj
c:\users\ojm14\documents\github\carnivores-cpe\c2_vs2017\c2\release 3dfx\game.obj
c:\users\ojm14\documents\github\carnivores-cpe\c2_vs2017\c2\release 3dfx\characters.obj
c:\users\ojm14\documents\github\carnivores-cpe\c2_vs2017\c2\release 3dfx\resources.obj
c:\users\ojm14\documents\github\carnivores-cpe\c2_vs2017\c2\release 3dfx\math.obj
c:\users\ojm14\documents\github\carnivores-cpe\c2_vs2017\c2\release 3dfx\interface.obj
c:\users\ojm14\documents\github\carnivores-cpe\c2_vs2017\c2\release 3dfx\audio_dll.obj
c:\users\ojm14\documents\github\carnivores-cpe\c2_vs2017\release 3dfx\v_3dfx.ren
c:\users\ojm14\documents\github\carnivores-cpe\c2_vs2017\release 3dfx\v_3dfx.pdb
c:\users\ojm14\documents\github\carnivores-cpe\c2_vs2017\c2\release 3dfx\appres.res
c:\users\ojm14\documents\github\carnivores-cpe\c2_vs2017\c2\release 3dfx\c2.tlog\c2.write.1u.tlog
c:\users\ojm14\documents\github\carnivores-cpe\c2_vs2017\c2\release 3dfx\c2.tlog\cl.command.1.tlog
c:\users\ojm14\documents\github\carnivores-cpe\c2_vs2017\c2\release 3dfx\c2.tlog\cl.read.1.tlog
c:\users\ojm14\documents\github\carnivores-cpe\c2_vs2017\c2\release 3dfx\c2.tlog\cl.write.1.tlog
c:\users\ojm14\documents\github\carnivores-cpe\c2_vs2017\c2\release 3dfx\c2.tlog\link.command.1.tlog
c:\users\ojm14\documents\github\carnivores-cpe\c2_vs2017\c2\release 3dfx\c2.tlog\link.read.1.tlog
c:\users\ojm14\documents\github\carnivores-cpe\c2_vs2017\c2\release 3dfx\c2.tlog\link.write.1.tlog
c:\users\ojm14\documents\github\carnivores-cpe\c2_vs2017\c2\release 3dfx\c2.tlog\rc.command.1.tlog
c:\users\ojm14\documents\github\carnivores-cpe\c2_vs2017\c2\release 3dfx\c2.tlog\rc.read.1.tlog
c:\users\ojm14\documents\github\carnivores-cpe\c2_vs2017\c2\release 3dfx\c2.tlog\rc.write.1.tlog
