Carnivores CCE Menu Based on Build ADPv2.14.111ALPHA. Nov 19 2009.
Creating main window...Ok.

==Init Direct Draw==
DirectDrawCreate: Ok
Direct Draw activated.

Could Not Read acessory txt desc
===> Error loading trophy!
Init Engine: Ok.

==Init Direct Sound==
Software mixer version 1.3
Back Sound Buffer created.
Device0: Speakers (Realtek High Definition Audio(SST))/{0.0.0.00000000}.{8e428564-7972-4330-93e8-69de213d259c}
DirectSoundEnumerate: Ok
Acceptable device: 0
Device selected  : 0
DirectSoundCreate: Ok
Attempting to set WRITEPRIMARY CooperativeLevel:
Set Cooperative  : Ok
CreateSoundBuffer: Ok (Primary)
SetFormat        : Ok
Play             : Ok
Direct Sound activated.
== Loading resources ==
Loading common resources: Done.
Reading  and .rsc/n Done.
Loading area: Done.
Entering messages loop.
Entered game
ReInitGame();
SetCooperativeLevel: Ok
