CarnivoresII 3DFX video driver. Build v2.04. Sep.24 1999.
Creating main window...Ok.
Checking 3dfx:
Voodoo card.
Trophy Loaded.
TrophyB Loaded.
Init Engine: Ok.

DirectSound3D(native) audio driver (Beta 4) v1.2
No Device Enumerating implemented.. 
Using native DirectSound 3D (Software emulation mode)
DSCAPS:
 dwFreeHw3DAllBuffers 0 
 dwFreeHw3DStaticBuffers 0 
 dwFreeHw3DStreamingBuffers 0 
 dwFreeHwMemBytes 0 
 dwTotalHwMemBytes 0 
 dwFreeHwMixingAllBuffers 0 
 dwFreeHwMixingStaticBuffers 0 
 dwFreeHwMixingStreamingBuffers 0 
 dwMaxContigFreeHwMemBytes 0 
 dwMinSecondarySampleRate 100 
 dwMaxSecondarySampleRate 200000 
 dwMaxHw3DAllBuffers 0 
 dwMaxHw3DStaticBuffers 0 
 dwMaxHw3DStreamingBuffers 0 
 dwMaxHwMixingAllBuffers 1 
 dwMaxHwMixingStaticBuffers 1 
 dwMaxHwMixingStreamingBuffers 1 
CreatePrimaryBuffer Ok
Primary SetFormat() Ok
Create audio thread #1..ok
Create Listener3D()
InitAudioSystem ok

== Loading resources ==
Loading common resources: Done.
Loading textures: Done.
Loading models: Done.
Finishing with .res: Done.
Loading .map: Done.
Loading area: Done.
Entering messages loop.
Entered game
ReInitGame();
Placing...

TotalRatio:7.000000
Selector:101.000000
Selector:0.003367
Selector:0.023567
TEST:0.023567
COMP:1.000000
FOUN:6

TotalRatio:7.000000
Selector:9568.000000
Selector:0.318933
Selector:2.232533
TEST:2.232533
COMP:1.000000
TEST:1.232533
COMP:1.000000
TEST:0.232533
COMP:1.000000
FOUN:8

TotalRatio:7.000000
Selector:10111.000000
Selector:0.337033
Selector:2.359233
TEST:2.359233
COMP:1.000000
TEST:1.359233
COMP:1.000000
TEST:0.359233
COMP:1.000000
FOUN:8

TotalRatio:7.000000
Selector:693.000000
Selector:0.023100
Selector:0.161700
TEST:0.161700
COMP:1.000000
FOUN:6

TotalRatio:2.000000
Selector:2276.000000
Selector:0.075867
Selector:0.151733
TEST:0.151733
COMP:0.500000
FOUN:13

TotalRatio:2.000000
Selector:15021.000000
Selector:0.500700
Selector:1.001400
TEST:1.001400
COMP:0.500000
TEST:0.501400
COMP:0.500000
TEST:0.001400
COMP:1.000000
FOUN:15

TotalRatio:2.000000
Selector:19335.000000
Selector:0.644500
Selector:1.289000
TEST:1.289000
COMP:0.500000
TEST:0.789000
COMP:0.500000
TEST:0.289000
COMP:1.000000
FOUN:15

TotalRatio:2.000000
Selector:22300.000000
Selector:0.743333
Selector:1.486667
TEST:1.486667
COMP:0.500000
TEST:0.986667
COMP:0.500000
TEST:0.486667
COMP:1.000000
FOUN:15

TotalRatio:2.000000
Selector:23931.000000
Selector:0.797700
Selector:1.595400
TEST:1.595400
COMP:0.500000
TEST:1.095400
COMP:0.500000
TEST:0.595400
COMP:1.000000
FOUN:15

TotalRatio:2.000000
Selector:26230.000000
Selector:0.874333
Selector:1.748667
TEST:1.748667
COMP:0.500000
TEST:1.248667
COMP:0.500000
TEST:0.748667
COMP:1.000000
FOUN:15

TotalRatio:2.000000
Selector:28010.000000
Selector:0.933667
Selector:1.867333
TEST:1.867333
COMP:0.500000
TEST:1.367333
COMP:0.500000
TEST:0.867333
COMP:1.000000
FOUN:15

TotalRatio:2.000000
Selector:2102.000000
Selector:0.070067
Selector:0.140133
TEST:0.140133
COMP:0.500000
FOUN:13

TotalRatio:2.000000
Selector:20609.000000
Selector:0.686967
Selector:1.373933
TEST:1.373933
COMP:0.500000
TEST:0.873933
COMP:0.500000
TEST:0.373933
COMP:1.000000
FOUN:15

TotalRatio:2.000000
Selector:271.000000
Selector:0.009033
Selector:0.018067
TEST:0.018067
COMP:0.500000
FOUN:13

TotalRatio:2.000000
Selector:27159.000000
Selector:0.905300
Selector:1.810600
TEST:1.810600
COMP:0.500000
TEST:1.310600
COMP:0.500000
TEST:0.810600
COMP:1.000000
FOUN:15

TotalRatio:2.000000
Selector:7920.000000
Selector:0.264000
Selector:0.528000
TEST:0.528000
COMP:0.500000
TEST:0.028000
COMP:0.500000
FOUN:14
Loading: HUNTDAT\hunter1_brach_mosa12.car
Loading: HUNTDAT\mosh.car
Loading: HUNTDAT\gall.car
Loading: HUNTDAT\dimor2.car
Loading: HUNTDAT\ptera.car
Loading: HUNTDAT\dimet.car
Loading: HUNTDAT\par9.car
Loading: HUNTDAT\stego.car
Loading: HUNTDAT\cerato1_s.car
Loading: HUNTDAT\ceratom.car
Loading: HUNTDAT\tirex.car
Loading: HUNTDAT\dangerbrachikiller9.car
Loading: HUNTDAT\burianicth_2023_7.car
Loading: HUNTDAT\parexusn4.car
Loading: HUNTDAT\mosa30ss.car
Loading: HUNTDAT\WEAPONS\pistol.car
Loading: HUNTDAT\WEAPONS\bullet1.tga
Loading: HUNTDAT\WEAPONS\shotgun.car
Loading: HUNTDAT\WEAPONS\bullet2.tga
Loading: HUNTDAT\WEAPONS\dbsgun.car
Loading: HUNTDAT\WEAPONS\bullet2.tga
Loading: HUNTDAT\WEAPONS\x_bow.car
Loading: HUNTDAT\WEAPONS\bullet4.tga
Loading: HUNTDAT\WEAPONS\rifle.car
Loading: HUNTDAT\WEAPONS\bullet3.tga
Loading: HUNTDAT\WEAPONS\sniper.car
Loading: HUNTDAT\WEAPONS\bullet3.tga
Voodoo: Can't set selected video mode
Start Address: 0
End   Address: 8388592
Audio_UpdateGeometry: 324 faces uploaded
Trophy Loaded.
TrophyB Loaded.
  AudioStop ()
Entered game
ReInitGame();
Placing...

TotalRatio:14.000000
Selector:18431.000000
Selector:0.614367
Selector:8.601133
TEST:8.601133
COMP:1.000000
TEST:7.601133
COMP:1.000000
TEST:6.601133
COMP:1.000000
TEST:5.601133
COMP:1.000000
TEST:4.601133
COMP:1.000000
TEST:3.601133
COMP:1.000000
TEST:2.601133
COMP:1.000000
TEST:1.601133
COMP:1.000000
TEST:0.601133
COMP:1.000000
FOUN:7

TotalRatio:14.000000
Selector:21677.000000
Selector:0.722567
Selector:10.115933
TEST:10.115933
COMP:1.000000
TEST:9.115933
COMP:1.000000
TEST:8.115933
COMP:1.000000
TEST:7.115933
COMP:1.000000
TEST:6.115933
COMP:1.000000
TEST:5.115933
COMP:1.000000
TEST:4.115933
COMP:1.000000
TEST:3.115933
COMP:1.000000
TEST:2.115933
COMP:1.000000
TEST:1.115933
COMP:1.000000
TEST:0.115933
COMP:1.000000
FOUN:9

TotalRatio:14.000000
Selector:22789.000000
Selector:0.759633
Selector:10.634867
TEST:10.634867
COMP:1.000000
TEST:9.634867
COMP:1.000000
TEST:8.634867
COMP:1.000000
TEST:7.634867
COMP:1.000000
TEST:6.634867
COMP:1.000000
TEST:5.634867
COMP:1.000000
TEST:4.634867
COMP:1.000000
TEST:3.634867
COMP:1.000000
TEST:2.634867
COMP:1.000000
TEST:1.634867
COMP:1.000000
TEST:0.634867
COMP:1.000000
FOUN:9

TotalRatio:14.000000
Selector:15836.000000
Selector:0.527867
Selector:7.390133
TEST:7.390133
COMP:1.000000
TEST:6.390133
COMP:1.000000
TEST:5.390133
COMP:1.000000
TEST:4.390133
COMP:1.000000
TEST:3.390133
COMP:1.000000
TEST:2.390133
COMP:1.000000
TEST:1.390133
COMP:1.000000
TEST:0.390133
COMP:1.000000
FOUN:6

TotalRatio:4.000000
Selector:22484.000000
Selector:0.749467
Selector:2.997867
TEST:2.997867
COMP:0.500000
TEST:2.497867
COMP:0.500000
TEST:1.997867
COMP:1.000000
TEST:0.997867
COMP:0.500000
TEST:0.497867
COMP:0.500000
FOUN:14

TotalRatio:4.000000
Selector:12936.000000
Selector:0.431200
Selector:1.724800
TEST:1.724800
COMP:0.500000
TEST:1.224800
COMP:0.500000
TEST:0.724800
COMP:1.000000
FOUN:15

TotalRatio:4.000000
Selector:2697.000000
Selector:0.089900
Selector:0.359600
TEST:0.359600
COMP:0.500000
FOUN:13

TotalRatio:4.000000
Selector:20516.000000
Selector:0.683867
Selector:2.735467
TEST:2.735467
COMP:0.500000
TEST:2.235467
COMP:0.500000
TEST:1.735467
COMP:1.000000
TEST:0.735467
COMP:0.500000
TEST:0.235467
COMP:0.500000
FOUN:14

TotalRatio:4.000000
Selector:16052.000000
Selector:0.535067
Selector:2.140267
TEST:2.140267
COMP:0.500000
TEST:1.640267
COMP:0.500000
TEST:1.140267
COMP:1.000000
TEST:0.140267
COMP:0.500000
FOUN:13

TotalRatio:4.000000
Selector:16797.000000
Selector:0.559900
Selector:2.239600
TEST:2.239600
COMP:0.500000
TEST:1.739600
COMP:0.500000
TEST:1.239600
COMP:1.000000
TEST:0.239600
COMP:0.500000
FOUN:13

TotalRatio:4.000000
Selector:26899.000000
Selector:0.896633
Selector:3.586533
TEST:3.586533
COMP:0.500000
TEST:3.086533
COMP:0.500000
TEST:2.586533
COMP:1.000000
TEST:1.586533
COMP:0.500000
TEST:1.086533
COMP:0.500000
TEST:0.586533
COMP:1.000000
FOUN:15

TotalRatio:4.000000
Selector:696.000000
Selector:0.023200
Selector:0.092800
TEST:0.092800
COMP:0.500000
FOUN:13

TotalRatio:4.000000
Selector:11644.000000
Selector:0.388133
Selector:1.552533
TEST:1.552533
COMP:0.500000
TEST:1.052533
COMP:0.500000
TEST:0.552533
COMP:1.000000
FOUN:15

TotalRatio:4.000000
Selector:2911.000000
Selector:0.097033
Selector:0.388133
TEST:0.388133
COMP:0.500000
FOUN:13

TotalRatio:4.000000
Selector:9210.000000
Selector:0.307000
Selector:1.228000
TEST:1.228000
COMP:0.500000
TEST:0.728000
COMP:0.500000
TEST:0.228000
COMP:1.000000
FOUN:15

TotalRatio:4.000000
Selector:19411.000000
Selector:0.647033
Selector:2.588133
TEST:2.588133
COMP:0.500000
TEST:2.088133
COMP:0.500000
TEST:1.588133
COMP:1.000000
TEST:0.588133
COMP:0.500000
TEST:0.088133
COMP:0.500000
FOUN:14

TotalRatio:4.000000
Selector:2055.000000
Selector:0.068500
Selector:0.274000
TEST:0.274000
COMP:0.500000
FOUN:13
Loading: HUNTDAT\ankylo1.car
Loading: HUNTDAT\ALLOt_iictt.car
Voodoo: Can't set selected video mode
Start Address: 0
End   Address: 8388592
Trophy Loaded.
TrophyB Loaded.
  AudioStop ()
Entered game
ReInitGame();
Placing...

TotalRatio:21.000000
Selector:25898.000000
Selector:0.863267
Selector:18.128599
TEST:18.128599
COMP:1.000000
TEST:17.128599
COMP:1.000000
TEST:16.128599
COMP:1.000000
TEST:15.128599
COMP:1.000000
TEST:14.128599
COMP:1.000000
TEST:13.128599
COMP:1.000000
TEST:12.128599
COMP:1.000000
TEST:11.128599
COMP:1.000000
TEST:10.128599
COMP:1.000000
TEST:9.128599
COMP:1.000000
TEST:8.128599
COMP:1.000000
TEST:7.128599
COMP:1.000000
TEST:6.128599
COMP:1.000000
TEST:5.128599
COMP:1.000000
TEST:4.128599
COMP:1.000000
TEST:3.128599
COMP:1.000000
TEST:2.128599
COMP:1.000000
TEST:1.128599
COMP:1.000000
TEST:0.128599
COMP:1.000000
FOUN:10

TotalRatio:21.000000
Selector:12426.000000
Selector:0.414200
Selector:8.698200
TEST:8.698200
COMP:1.000000
TEST:7.698200
COMP:1.000000
TEST:6.698200
COMP:1.000000
TEST:5.698200
COMP:1.000000
TEST:4.698200
COMP:1.000000
TEST:3.698200
COMP:1.000000
TEST:2.698200
COMP:1.000000
TEST:1.698200
COMP:1.000000
TEST:0.698200
COMP:1.000000
FOUN:7

TotalRatio:21.000000
Selector:10597.000000
Selector:0.353233
Selector:7.417900
TEST:7.417900
COMP:1.000000
TEST:6.417900
COMP:1.000000
TEST:5.417900
COMP:1.000000
TEST:4.417900
COMP:1.000000
TEST:3.417900
COMP:1.000000
TEST:2.417900
COMP:1.000000
TEST:1.417900
COMP:1.000000
TEST:0.417900
COMP:1.000000
FOUN:6

TotalRatio:21.000000
Selector:23523.000000
Selector:0.784100
Selector:16.466101
TEST:16.466101
COMP:1.000000
TEST:15.466101
COMP:1.000000
TEST:14.466101
COMP:1.000000
TEST:13.466101
COMP:1.000000
TEST:12.466101
COMP:1.000000
TEST:11.466101
COMP:1.000000
TEST:10.466101
COMP:1.000000
TEST:9.466101
COMP:1.000000
TEST:8.466101
COMP:1.000000
TEST:7.466101
COMP:1.000000
TEST:6.466101
COMP:1.000000
TEST:5.466101
COMP:1.000000
TEST:4.466101
COMP:1.000000
TEST:3.466101
COMP:1.000000
TEST:2.466101
COMP:1.000000
TEST:1.466101
COMP:1.000000
TEST:0.466101
COMP:1.000000
FOUN:8

TotalRatio:6.000000
Selector:14940.000000
Selector:0.498000
Selector:2.988000
TEST:2.988000
COMP:0.500000
TEST:2.488000
COMP:0.500000
TEST:1.988000
COMP:1.000000
TEST:0.988000
COMP:0.500000
TEST:0.488000
COMP:0.500000
FOUN:14

TotalRatio:6.000000
Selector:8196.000000
Selector:0.273200
Selector:1.639200
TEST:1.639200
COMP:0.500000
TEST:1.139200
COMP:0.500000
TEST:0.639200
COMP:1.000000
FOUN:15

TotalRatio:6.000000
Selector:22163.000000
Selector:0.738767
Selector:4.432600
TEST:4.432600
COMP:0.500000
TEST:3.932600
COMP:0.500000
TEST:3.432600
COMP:1.000000
TEST:2.432600
COMP:0.500000
TEST:1.932600
COMP:0.500000
TEST:1.432600
COMP:1.000000
TEST:0.432600
COMP:0.500000
FOUN:13

TotalRatio:6.000000
Selector:28863.000000
Selector:0.962100
Selector:5.772600
TEST:5.772600
COMP:0.500000
TEST:5.272600
COMP:0.500000
TEST:4.772600
COMP:1.000000
TEST:3.772600
COMP:0.500000
TEST:3.272600
COMP:0.500000
TEST:2.772600
COMP:1.000000
TEST:1.772600
COMP:0.500000
TEST:1.272600
COMP:0.500000
TEST:0.772600
COMP:1.000000
FOUN:15

TotalRatio:6.000000
Selector:20324.000000
Selector:0.677467
Selector:4.064800
TEST:4.064800
COMP:0.500000
TEST:3.564800
COMP:0.500000
TEST:3.064800
COMP:1.000000
TEST:2.064800
COMP:0.500000
TEST:1.564800
COMP:0.500000
TEST:1.064800
COMP:1.000000
TEST:0.064800
COMP:0.500000
FOUN:13

TotalRatio:6.000000
Selector:19004.000000
Selector:0.633467
Selector:3.800800
TEST:3.800800
COMP:0.500000
TEST:3.300800
COMP:0.500000
TEST:2.800800
COMP:1.000000
TEST:1.800800
COMP:0.500000
TEST:1.300800
COMP:0.500000
TEST:0.800800
COMP:1.000000
FOUN:15

TotalRatio:6.000000
Selector:29540.000000
Selector:0.984667
Selector:5.908000
TEST:5.908000
COMP:0.500000
TEST:5.408000
COMP:0.500000
TEST:4.908000
COMP:1.000000
TEST:3.908000
COMP:0.500000
TEST:3.408000
COMP:0.500000
TEST:2.908000
COMP:1.000000
TEST:1.908000
COMP:0.500000
TEST:1.408000
COMP:0.500000
TEST:0.908000
COMP:1.000000
FOUN:15

TotalRatio:6.000000
Selector:3236.000000
Selector:0.107867
Selector:0.647200
TEST:0.647200
COMP:0.500000
TEST:0.147200
COMP:0.500000
FOUN:14

TotalRatio:6.000000
Selector:12544.000000
Selector:0.418133
Selector:2.508800
TEST:2.508800
COMP:0.500000
TEST:2.008800
COMP:0.500000
TEST:1.508800
COMP:1.000000
TEST:0.508800
COMP:0.500000
TEST:0.008800
COMP:0.500000
FOUN:14

TotalRatio:6.000000
Selector:26202.000000
Selector:0.873400
Selector:5.240400
TEST:5.240400
COMP:0.500000
TEST:4.740400
COMP:0.500000
TEST:4.240400
COMP:1.000000
TEST:3.240400
COMP:0.500000
TEST:2.740400
COMP:0.500000
TEST:2.240400
COMP:1.000000
TEST:1.240400
COMP:0.500000
TEST:0.740400
COMP:0.500000
TEST:0.240400
COMP:1.000000
FOUN:15

TotalRatio:6.000000
Selector:6274.000000
Selector:0.209133
Selector:1.254800
TEST:1.254800
COMP:0.500000
TEST:0.754800
COMP:0.500000
TEST:0.254800
COMP:1.000000
FOUN:15

TotalRatio:6.000000
Selector:8991.000000
Selector:0.299700
Selector:1.798200
TEST:1.798200
COMP:0.500000
TEST:1.298200
COMP:0.500000
TEST:0.798200
COMP:1.000000
FOUN:15

TotalRatio:6.000000
Selector:26090.000000
Selector:0.869667
Selector:5.218000
TEST:5.218000
COMP:0.500000
TEST:4.718000
COMP:0.500000
TEST:4.218000
COMP:1.000000
TEST:3.218000
COMP:0.500000
TEST:2.718000
COMP:0.500000
TEST:2.218000
COMP:1.000000
TEST:1.218000
COMP:0.500000
TEST:0.718000
COMP:0.500000
TEST:0.218000
COMP:1.000000
FOUN:15
Loading: HUNTDAT\chasmosa.car
Voodoo: Can't set selected video mode
Start Address: 0
End   Address: 8388592
Trophy Saved.
TrophyB Saved.
  AudioStop ()
 Releasing Listener3D
 Releasing PrimaryBuffer
 Releasing DirectSoundObject
 Terminate thread 1
 AudioShutdown()
