  Audio_DLL.cpp
  Characters.cpp
c:\users\ojm14\documents\github\carnivores-cpe\c2_vs2017\characters.cpp(318): warning C4244: '=': conversion from 'float' to 'int', possible loss of data
c:\users\ojm14\documents\github\carnivores-cpe\c2_vs2017\characters.cpp(359): warning C4244: 'initializing': conversion from 'int' to 'float', possible loss of data
c:\users\ojm14\documents\github\carnivores-cpe\c2_vs2017\characters.cpp(1470): warning C4244: '=': conversion from 'double' to 'int', possible loss of data
c:\users\ojm14\documents\github\carnivores-cpe\c2_vs2017\characters.cpp(1481): warning C4244: 'initializing': conversion from 'double' to 'float', possible loss of data
c:\users\ojm14\documents\github\carnivores-cpe\c2_vs2017\characters.cpp(1498): warning C4244: '=': conversion from 'int' to 'float', possible loss of data
c:\users\ojm14\documents\github\carnivores-cpe\c2_vs2017\characters.cpp(1501): warning C4244: '=': conversion from 'int' to 'float', possible loss of data
c:\users\ojm14\documents\github\carnivores-cpe\c2_vs2017\characters.cpp(1518): warning C4244: 'initializing': conversion from 'double' to 'float', possible loss of data
c:\users\ojm14\documents\github\carnivores-cpe\c2_vs2017\characters.cpp(1519): warning C4244: 'initializing': conversion from 'float' to 'int', possible loss of data
c:\users\ojm14\documents\github\carnivores-cpe\c2_vs2017\characters.cpp(1619): warning C4244: 'initializing': conversion from 'double' to 'float', possible loss of data
c:\users\ojm14\documents\github\carnivores-cpe\c2_vs2017\characters.cpp(1628): warning C4244: '=': conversion from 'int' to 'float', possible loss of data
c:\users\ojm14\documents\github\carnivores-cpe\c2_vs2017\characters.cpp(1635): warning C4244: 'initializing': conversion from 'double' to 'float', possible loss of data
c:\users\ojm14\documents\github\carnivores-cpe\c2_vs2017\characters.cpp(1636): warning C4244: 'initializing': conversion from 'float' to 'int', possible loss of data
c:\users\ojm14\documents\github\carnivores-cpe\c2_vs2017\characters.cpp(2289): warning C4244: '=': conversion from 'int' to 'float', possible loss of data
c:\users\ojm14\documents\github\carnivores-cpe\c2_vs2017\characters.cpp(2474): warning C4244: 'initializing': conversion from 'int' to 'float', possible loss of data
c:\users\ojm14\documents\github\carnivores-cpe\c2_vs2017\characters.cpp(2525): warning C4244: '=': conversion from 'int' to 'float', possible loss of data
c:\users\ojm14\documents\github\carnivores-cpe\c2_vs2017\characters.cpp(2683): warning C4244: 'initializing': conversion from 'double' to 'float', possible loss of data
c:\users\ojm14\documents\github\carnivores-cpe\c2_vs2017\characters.cpp(2923): warning C4244: '=': conversion from 'int' to 'float', possible loss of data
c:\users\ojm14\documents\github\carnivores-cpe\c2_vs2017\characters.cpp(2925): warning C4244: '=': conversion from 'int' to 'float', possible loss of data
c:\users\ojm14\documents\github\carnivores-cpe\c2_vs2017\characters.cpp(3265): warning C4244: 'initializing': conversion from 'double' to 'float', possible loss of data
c:\users\ojm14\documents\github\carnivores-cpe\c2_vs2017\characters.cpp(3475): warning C4244: '=': conversion from 'int' to 'float', possible loss of data
c:\users\ojm14\documents\github\carnivores-cpe\c2_vs2017\characters.cpp(3476): warning C4244: '=': conversion from 'int' to 'float', possible loss of data
c:\users\ojm14\documents\github\carnivores-cpe\c2_vs2017\characters.cpp(3482): warning C4244: '=': conversion from 'int' to 'float', possible loss of data
c:\users\ojm14\documents\github\carnivores-cpe\c2_vs2017\characters.cpp(3483): warning C4244: '=': conversion from 'int' to 'float', possible loss of data
c:\users\ojm14\documents\github\carnivores-cpe\c2_vs2017\characters.cpp(3516): warning C4244: '=': conversion from 'int' to 'float', possible loss of data
c:\users\ojm14\documents\github\carnivores-cpe\c2_vs2017\characters.cpp(3517): warning C4244: '=': conversion from 'int' to 'float', possible loss of data
c:\users\ojm14\documents\github\carnivores-cpe\c2_vs2017\characters.cpp(3581): warning C4244: '=': conversion from 'int' to 'float', possible loss of data
c:\users\ojm14\documents\github\carnivores-cpe\c2_vs2017\characters.cpp(3913): warning C4244: 'initializing': conversion from 'double' to 'float', possible loss of data
c:\users\ojm14\documents\github\carnivores-cpe\c2_vs2017\characters.cpp(5473): warning C4244: 'argument': conversion from 'float' to 'int', possible loss of data
c:\users\ojm14\documents\github\carnivores-cpe\c2_vs2017\characters.cpp(5473): warning C4244: 'initializing': conversion from 'double' to 'float', possible loss of data
c:\users\ojm14\documents\github\carnivores-cpe\c2_vs2017\characters.cpp(5475): warning C4244: 'argument': conversion from 'float' to 'int', possible loss of data
c:\users\ojm14\documents\github\carnivores-cpe\c2_vs2017\characters.cpp(5475): warning C4244: 'initializing': conversion from 'double' to 'float', possible loss of data
c:\users\ojm14\documents\github\carnivores-cpe\c2_vs2017\characters.cpp(5485): warning C4305: 'argument': truncation from 'double' to 'float'
c:\users\ojm14\documents\github\carnivores-cpe\c2_vs2017\characters.cpp(5606): warning C4244: '=': conversion from 'double' to 'float', possible loss of data
c:\users\ojm14\documents\github\carnivores-cpe\c2_vs2017\characters.cpp(5643): warning C4244: 'initializing': conversion from 'double' to 'float', possible loss of data
c:\users\ojm14\documents\github\carnivores-cpe\c2_vs2017\characters.cpp(5669): warning C4244: 'initializing': conversion from 'int' to 'float', possible loss of data
c:\users\ojm14\documents\github\carnivores-cpe\c2_vs2017\characters.cpp(6034): warning C4244: 'initializing': conversion from 'double' to 'float', possible loss of data
c:\users\ojm14\documents\github\carnivores-cpe\c2_vs2017\characters.cpp(6037): warning C4244: '=': conversion from 'double' to 'float', possible loss of data
c:\users\ojm14\documents\github\carnivores-cpe\c2_vs2017\characters.cpp(6053): warning C4305: 'initializing': truncation from 'double' to 'float'
c:\users\ojm14\documents\github\carnivores-cpe\c2_vs2017\characters.cpp(6943): warning C4244: '-=': conversion from 'double' to 'float', possible loss of data
c:\users\ojm14\documents\github\carnivores-cpe\c2_vs2017\characters.cpp(7796): warning C4244: 'argument': conversion from 'double' to 'float', possible loss of data
c:\users\ojm14\documents\github\carnivores-cpe\c2_vs2017\characters.cpp(8285): warning C4244: '=': conversion from 'int' to 'float', possible loss of data
c:\users\ojm14\documents\github\carnivores-cpe\c2_vs2017\characters.cpp(8287): warning C4244: '=': conversion from 'int' to 'float', possible loss of data
c:\users\ojm14\documents\github\carnivores-cpe\c2_vs2017\characters.cpp(8341): warning C4244: '=': conversion from 'int' to 'float', possible loss of data
c:\users\ojm14\documents\github\carnivores-cpe\c2_vs2017\characters.cpp(8344): warning C4244: '=': conversion from 'int' to 'float', possible loss of data
c:\users\ojm14\documents\github\carnivores-cpe\c2_vs2017\characters.cpp(8840): warning C4244: 'initializing': conversion from 'int' to 'float', possible loss of data
c:\users\ojm14\documents\github\carnivores-cpe\c2_vs2017\characters.cpp(8865): warning C4244: 'initializing': conversion from 'int' to 'float', possible loss of data
c:\users\ojm14\documents\github\carnivores-cpe\c2_vs2017\characters.cpp(8958): warning C4244: 'initializing': conversion from 'int' to 'float', possible loss of data
c:\users\ojm14\documents\github\carnivores-cpe\c2_vs2017\characters.cpp(9371): warning C4101: 'pmk1': unreferenced local variable
c:\users\ojm14\documents\github\carnivores-cpe\c2_vs2017\characters.cpp(9371): warning C4101: 'pmk2': unreferenced local variable
c:\users\ojm14\documents\github\carnivores-cpe\c2_vs2017\characters.cpp(9371): warning C4101: 'pk2': unreferenced local variable
c:\users\ojm14\documents\github\carnivores-cpe\c2_vs2017\characters.cpp(9371): warning C4101: 'pk1': unreferenced local variable
c:\users\ojm14\documents\github\carnivores-cpe\c2_vs2017\characters.cpp(9359): warning C4101: 'PCurFrame': unreferenced local variable
  Game.cpp
c:\users\ojm14\documents\github\carnivores-cpe\c2_vs2017\game.cpp(50): warning C4101: 'temp': unreferenced local variable
c:\users\ojm14\documents\github\carnivores-cpe\c2_vs2017\game.cpp(175): warning C4244: 'initializing': conversion from 'float' to 'int', possible loss of data
c:\users\ojm14\documents\github\carnivores-cpe\c2_vs2017\game.cpp(175): warning C4244: '+=': conversion from 'float' to 'int', possible loss of data
c:\users\ojm14\documents\github\carnivores-cpe\c2_vs2017\game.cpp(176): warning C4244: 'initializing': conversion from 'float' to 'int', possible loss of data
c:\users\ojm14\documents\github\carnivores-cpe\c2_vs2017\game.cpp(176): warning C4244: '+=': conversion from 'float' to 'int', possible loss of data
c:\users\ojm14\documents\github\carnivores-cpe\c2_vs2017\game.cpp(266): warning C4244: 'initializing': conversion from 'double' to 'float', possible loss of data
c:\users\ojm14\documents\github\carnivores-cpe\c2_vs2017\game.cpp(267): warning C4244: 'initializing': conversion from 'double' to 'float', possible loss of data
c:\users\ojm14\documents\github\carnivores-cpe\c2_vs2017\game.cpp(272): warning C4244: '=': conversion from 'float' to 'int', possible loss of data
c:\users\ojm14\documents\github\carnivores-cpe\c2_vs2017\game.cpp(369): warning C4101: 'hh': unreferenced local variable
c:\users\ojm14\documents\github\carnivores-cpe\c2_vs2017\game.cpp(948): warning C4305: '+=': truncation from 'double' to 'float'
c:\users\ojm14\documents\github\carnivores-cpe\c2_vs2017\game.cpp(994): warning C4244: 'initializing': conversion from 'float' to 'long', possible loss of data
c:\users\ojm14\documents\github\carnivores-cpe\c2_vs2017\game.cpp(995): warning C4244: 'initializing': conversion from 'float' to 'long', possible loss of data
c:\users\ojm14\documents\github\carnivores-cpe\c2_vs2017\game.cpp(996): warning C4244: 'initializing': conversion from 'float' to 'long', possible loss of data
c:\users\ojm14\documents\github\carnivores-cpe\c2_vs2017\game.cpp(997): warning C4244: 'initializing': conversion from 'float' to 'long', possible loss of data
c:\users\ojm14\documents\github\carnivores-cpe\c2_vs2017\game.cpp(1016): warning C4244: 'initializing': conversion from 'double' to 'long', possible loss of data
c:\users\ojm14\documents\github\carnivores-cpe\c2_vs2017\game.cpp(1017): warning C4244: 'initializing': conversion from 'double' to 'long', possible loss of data
c:\users\ojm14\documents\github\carnivores-cpe\c2_vs2017\game.cpp(1022): warning C4244: 'initializing': conversion from 'float' to 'long', possible loss of data
c:\users\ojm14\documents\github\carnivores-cpe\c2_vs2017\game.cpp(1024): warning C4244: 'initializing': conversion from 'float' to 'long', possible loss of data
c:\users\ojm14\documents\github\carnivores-cpe\c2_vs2017\game.cpp(1027): warning C4244: 'initializing': conversion from 'float' to 'long', possible loss of data
c:\users\ojm14\documents\github\carnivores-cpe\c2_vs2017\game.cpp(1030): warning C4244: 'initializing': conversion from 'float' to 'long', possible loss of data
c:\users\ojm14\documents\github\carnivores-cpe\c2_vs2017\game.cpp(1032): warning C4244: 'initializing': conversion from 'float' to 'long', possible loss of data
c:\users\ojm14\documents\github\carnivores-cpe\c2_vs2017\game.cpp(1037): warning C4244: 'initializing': conversion from 'float' to 'long', possible loss of data
c:\users\ojm14\documents\github\carnivores-cpe\c2_vs2017\game.cpp(1545): warning C4305: '=': truncation from 'double' to 'float'
c:\users\ojm14\documents\github\carnivores-cpe\c2_vs2017\game.cpp(1557): warning C4305: '=': truncation from 'double' to 'float'
c:\users\ojm14\documents\github\carnivores-cpe\c2_vs2017\game.cpp(1858): warning C4244: 'initializing': conversion from 'double' to 'float', possible loss of data
c:\users\ojm14\documents\github\carnivores-cpe\c2_vs2017\game.cpp(1859): warning C4244: 'initializing': conversion from 'double' to 'float', possible loss of data
c:\users\ojm14\documents\github\carnivores-cpe\c2_vs2017\game.cpp(1866): warning C4244: '=': conversion from 'int' to 'float', possible loss of data
c:\users\ojm14\documents\github\carnivores-cpe\c2_vs2017\game.cpp(1870): warning C4244: 'initializing': conversion from 'int' to 'float', possible loss of data
c:\users\ojm14\documents\github\carnivores-cpe\c2_vs2017\game.cpp(1886): warning C4244: '=': conversion from 'int' to 'float', possible loss of data
c:\users\ojm14\documents\github\carnivores-cpe\c2_vs2017\game.cpp(1887): warning C4244: '=': conversion from 'int' to 'float', possible loss of data
c:\users\ojm14\documents\github\carnivores-cpe\c2_vs2017\game.cpp(1895): warning C4244: '=': conversion from 'int' to 'float', possible loss of data
c:\users\ojm14\documents\github\carnivores-cpe\c2_vs2017\game.cpp(1896): warning C4244: '=': conversion from 'int' to 'float', possible loss of data
c:\users\ojm14\documents\github\carnivores-cpe\c2_vs2017\game.cpp(1897): warning C4244: '=': conversion from 'int' to 'float', possible loss of data
c:\users\ojm14\documents\github\carnivores-cpe\c2_vs2017\game.cpp(1919): warning C4244: 'initializing': conversion from 'float' to 'int', possible loss of data
c:\users\ojm14\documents\github\carnivores-cpe\c2_vs2017\game.cpp(1938): warning C4305: 'argument': truncation from 'double' to 'float'
c:\users\ojm14\documents\github\carnivores-cpe\c2_vs2017\game.cpp(1959): warning C4244: '+=': conversion from 'float' to 'int', possible loss of data
c:\users\ojm14\documents\github\carnivores-cpe\c2_vs2017\game.cpp(1962): warning C4244: '-=': conversion from 'float' to 'int', possible loss of data
c:\users\ojm14\documents\github\carnivores-cpe\c2_vs2017\game.cpp(1913): warning C4102: 'ENDTRACE': unreferenced label
c:\users\ojm14\documents\github\carnivores-cpe\c2_vs2017\game.cpp(1986): warning C4244: 'argument': conversion from 'double' to 'float', possible loss of data
c:\users\ojm14\documents\github\carnivores-cpe\c2_vs2017\game.cpp(2054): warning C4244: 'argument': conversion from 'double' to 'float', possible loss of data
c:\users\ojm14\documents\github\carnivores-cpe\c2_vs2017\game.cpp(2156): warning C4244: 'initializing': conversion from 'double' to 'float', possible loss of data
c:\users\ojm14\documents\github\carnivores-cpe\c2_vs2017\game.cpp(2300): warning C4244: 'initializing': conversion from 'double' to 'float', possible loss of data
c:\users\ojm14\documents\github\carnivores-cpe\c2_vs2017\game.cpp(2496): warning C4244: '=': conversion from 'int' to 'float', possible loss of data
c:\users\ojm14\documents\github\carnivores-cpe\c2_vs2017\game.cpp(2497): warning C4244: '=': conversion from 'int' to 'float', possible loss of data
c:\users\ojm14\documents\github\carnivores-cpe\c2_vs2017\game.cpp(2599): warning C4244: '+=': conversion from 'double' to 'float', possible loss of data
c:\users\ojm14\documents\github\carnivores-cpe\c2_vs2017\game.cpp(2603): warning C4305: 'argument': truncation from 'double' to 'float'
c:\users\ojm14\documents\github\carnivores-cpe\c2_vs2017\game.cpp(2611): warning C4244: '-=': conversion from 'double' to 'float', possible loss of data
c:\users\ojm14\documents\github\carnivores-cpe\c2_vs2017\game.cpp(2614): warning C4305: 'argument': truncation from 'double' to 'float'
c:\users\ojm14\documents\github\carnivores-cpe\c2_vs2017\game.cpp(2660): warning C4244: 'initializing': conversion from 'int' to 'float', possible loss of data
c:\users\ojm14\documents\github\carnivores-cpe\c2_vs2017\game.cpp(2692): warning C4244: 'initializing': conversion from 'double' to 'float', possible loss of data
c:\users\ojm14\documents\github\carnivores-cpe\c2_vs2017\game.cpp(2693): warning C4244: 'initializing': conversion from 'double' to 'float', possible loss of data
c:\users\ojm14\documents\github\carnivores-cpe\c2_vs2017\game.cpp(2694): warning C4244: 'initializing': conversion from 'int' to 'float', possible loss of data
  Hunt.cpp
c:\users\ojm14\documents\github\carnivores-cpe\c2_vs2017\hunt.cpp(615): warning C4244: '=': conversion from 'float' to 'int', possible loss of data
c:\users\ojm14\documents\github\carnivores-cpe\c2_vs2017\hunt.cpp(1183): warning C4244: '=': conversion from 'int' to 'float', possible loss of data
c:\users\ojm14\documents\github\carnivores-cpe\c2_vs2017\hunt.cpp(1193): warning C4244: '=': conversion from 'double' to 'float', possible loss of data
c:\users\ojm14\documents\github\carnivores-cpe\c2_vs2017\hunt.cpp(1194): warning C4244: '=': conversion from 'double' to 'float', possible loss of data
c:\users\ojm14\documents\github\carnivores-cpe\c2_vs2017\hunt.cpp(1774): warning C4305: 'argument': truncation from 'double' to 'float'
c:\users\ojm14\documents\github\carnivores-cpe\c2_vs2017\hunt.cpp(1928): warning C4244: 'argument': conversion from 'int' to 'float', possible loss of data
c:\users\ojm14\documents\github\carnivores-cpe\c2_vs2017\hunt.cpp(1935): warning C4244: 'argument': conversion from 'int' to 'float', possible loss of data
  Interface.cpp
  Math.cpp
c:\users\ojm14\documents\github\carnivores-cpe\c2_vs2017\math.cpp(13): warning C4244: '=': conversion from 'double' to 'float', possible loss of data
c:\users\ojm14\documents\github\carnivores-cpe\c2_vs2017\math.cpp(14): warning C4244: '=': conversion from 'double' to 'float', possible loss of data
c:\users\ojm14\documents\github\carnivores-cpe\c2_vs2017\math.cpp(15): warning C4244: '=': conversion from 'double' to 'float', possible loss of data
c:\users\ojm14\documents\github\carnivores-cpe\c2_vs2017\math.cpp(200): warning C4244: 'initializing': conversion from 'double' to 'float', possible loss of data
c:\users\ojm14\documents\github\carnivores-cpe\c2_vs2017\math.cpp(201): warning C4244: 'initializing': conversion from 'double' to 'float', possible loss of data
c:\users\ojm14\documents\github\carnivores-cpe\c2_vs2017\math.cpp(649): warning C4244: 'initializing': conversion from 'double' to 'float', possible loss of data
c:\users\ojm14\documents\github\carnivores-cpe\c2_vs2017\math.cpp(650): warning C4244: 'initializing': conversion from 'double' to 'float', possible loss of data
c:\users\ojm14\documents\github\carnivores-cpe\c2_vs2017\math.cpp(766): warning C4244: '=': conversion from 'float' to 'int', possible loss of data
c:\users\ojm14\documents\github\carnivores-cpe\c2_vs2017\math.cpp(848): warning C4244: '=': conversion from 'double' to 'float', possible loss of data
c:\users\ojm14\documents\github\carnivores-cpe\c2_vs2017\math.cpp(853): warning C4244: '=': conversion from 'float' to 'int', possible loss of data
c:\users\ojm14\documents\github\carnivores-cpe\c2_vs2017\math.cpp(864): warning C4101: 'rv': unreferenced local variable
c:\users\ojm14\documents\github\carnivores-cpe\c2_vs2017\math.cpp(863): warning C4101: 'c': unreferenced local variable
c:\users\ojm14\documents\github\carnivores-cpe\c2_vs2017\math.cpp(984): warning C4244: 'initializing': conversion from 'double' to 'float', possible loss of data
c:\users\ojm14\documents\github\carnivores-cpe\c2_vs2017\math.cpp(985): warning C4244: 'initializing': conversion from 'double' to 'float', possible loss of data
  RendererD3D.cpp
c:\users\ojm14\documents\github\carnivores-cpe\c2_vs2017\rendererd3d.cpp(1072): warning C4244: '=': conversion from 'float' to 'D3DCOLOR', possible loss of data
c:\users\ojm14\documents\github\carnivores-cpe\c2_vs2017\rendererd3d.cpp(1082): warning C4244: '=': conversion from 'float' to 'D3DCOLOR', possible loss of data
c:\users\ojm14\documents\github\carnivores-cpe\c2_vs2017\rendererd3d.cpp(1092): warning C4244: '=': conversion from 'float' to 'D3DCOLOR', possible loss of data
c:\users\ojm14\documents\github\carnivores-cpe\c2_vs2017\rendererd3d.cpp(1125): warning C4305: 'argument': truncation from 'unsigned int' to 'float'
c:\users\ojm14\documents\github\carnivores-cpe\c2_vs2017\rendererd3d.cpp(1592): warning C4244: '=': conversion from 'double' to 'float', possible loss of data
c:\users\ojm14\documents\github\carnivores-cpe\c2_vs2017\rendererd3d.cpp(2780): warning C4244: '=': conversion from 'float' to 'short', possible loss of data
c:\users\ojm14\documents\github\carnivores-cpe\c2_vs2017\rendererd3d.cpp(2783): warning C4244: '=': conversion from 'float' to 'short', possible loss of data
c:\users\ojm14\documents\github\carnivores-cpe\c2_vs2017\rendererd3d.cpp(2786): warning C4244: '=': conversion from 'float' to 'short', possible loss of data
c:\users\ojm14\documents\github\carnivores-cpe\c2_vs2017\rendererd3d.cpp(2885): warning C4244: 'argument': conversion from 'int' to 'float', possible loss of data
c:\users\ojm14\documents\github\carnivores-cpe\c2_vs2017\rendererd3d.cpp(4185): warning C4244: '=': conversion from 'int' to 'float', possible loss of data
c:\users\ojm14\documents\github\carnivores-cpe\c2_vs2017\rendererd3d.cpp(4190): warning C4244: '=': conversion from 'int' to 'float', possible loss of data
c:\users\ojm14\documents\github\carnivores-cpe\c2_vs2017\rendererd3d.cpp(4195): warning C4244: '=': conversion from 'int' to 'float', possible loss of data
c:\users\ojm14\documents\github\carnivores-cpe\c2_vs2017\rendererd3d.cpp(4606): warning C4305: '=': truncation from 'double' to 'D3DVALUE'
c:\users\ojm14\documents\github\carnivores-cpe\c2_vs2017\rendererd3d.cpp(4616): warning C4305: '=': truncation from 'double' to 'D3DVALUE'
c:\users\ojm14\documents\github\carnivores-cpe\c2_vs2017\rendererd3d.cpp(4626): warning C4305: '=': truncation from 'double' to 'D3DVALUE'
c:\users\ojm14\documents\github\carnivores-cpe\c2_vs2017\rendererd3d.cpp(4800): warning C4244: 'argument': conversion from 'double' to 'float', possible loss of data
c:\users\ojm14\documents\github\carnivores-cpe\c2_vs2017\rendererd3d.cpp(4836): warning C4244: 'argument': conversion from 'double' to 'float', possible loss of data
c:\users\ojm14\documents\github\carnivores-cpe\c2_vs2017\rendererd3d.cpp(4882): warning C4244: '=': conversion from 'float' to 'DWORD', possible loss of data
c:\users\ojm14\documents\github\carnivores-cpe\c2_vs2017\rendererd3d.cpp(4883): warning C4244: '=': conversion from 'float' to 'DWORD', possible loss of data
c:\users\ojm14\documents\github\carnivores-cpe\c2_vs2017\rendererd3d.cpp(4886): warning C4244: 'argument': conversion from 'double' to 'float', possible loss of data
c:\users\ojm14\documents\github\carnivores-cpe\c2_vs2017\rendererd3d.cpp(4899): warning C4244: 'argument': conversion from 'double' to 'float', possible loss of data
c:\users\ojm14\documents\github\carnivores-cpe\c2_vs2017\rendererd3d.cpp(4937): warning C4244: '=': conversion from 'float' to 'int', possible loss of data
c:\users\ojm14\documents\github\carnivores-cpe\c2_vs2017\rendererd3d.cpp(5370): warning C4244: '+=': conversion from 'double' to 'float', possible loss of data
c:\users\ojm14\documents\github\carnivores-cpe\c2_vs2017\rendererd3d.cpp(5372): warning C4244: 'argument': conversion from 'float' to 'int', possible loss of data
c:\users\ojm14\documents\github\carnivores-cpe\c2_vs2017\rendererd3d.cpp(5445): warning C4244: '=': conversion from 'int' to 'float', possible loss of data
c:\users\ojm14\documents\github\carnivores-cpe\c2_vs2017\rendererd3d.cpp(5446): warning C4244: '=': conversion from 'int' to 'float', possible loss of data
c:\users\ojm14\documents\github\carnivores-cpe\c2_vs2017\rendererd3d.cpp(5620): warning C4244: 'initializing': conversion from 'double' to 'float', possible loss of data
c:\users\ojm14\documents\github\carnivores-cpe\c2_vs2017\rendererd3d.cpp(5622): warning C4244: 'initializing': conversion from 'double' to 'float', possible loss of data
c:\users\ojm14\documents\github\carnivores-cpe\c2_vs2017\rendererd3d.cpp(5624): warning C4244: 'initializing': conversion from 'double' to 'float', possible loss of data
  Resources.cpp
c:\users\ojm14\documents\github\carnivores-cpe\c2_vs2017\resources.cpp(64): warning C4244: '=': conversion from 'int' to 'float', possible loss of data
c:\users\ojm14\documents\github\carnivores-cpe\c2_vs2017\resources.cpp(65): warning C4244: '=': conversion from 'int' to 'float', possible loss of data
c:\users\ojm14\documents\github\carnivores-cpe\c2_vs2017\resources.cpp(569): warning C4018: '<': signed/unsigned mismatch
c:\users\ojm14\documents\github\carnivores-cpe\c2_vs2017\resources.cpp(2160): warning C4101: 'value': unreferenced local variable
c:\users\ojm14\documents\github\carnivores-cpe\c2_vs2017\resources.cpp(2871): warning C4101: 'value': unreferenced local variable
c:\users\ojm14\documents\github\carnivores-cpe\c2_vs2017\resources.cpp(2925): warning C4244: '=': conversion from 'double' to 'float', possible loss of data
c:\users\ojm14\documents\github\carnivores-cpe\c2_vs2017\resources.cpp(2932): warning C4244: '=': conversion from 'double' to 'float', possible loss of data
c:\users\ojm14\documents\github\carnivores-cpe\c2_vs2017\resources.cpp(2938): warning C4244: '=': conversion from 'double' to 'float', possible loss of data
c:\users\ojm14\documents\github\carnivores-cpe\c2_vs2017\resources.cpp(3145): warning C4244: '=': conversion from 'double' to 'float', possible loss of data
c:\users\ojm14\documents\github\carnivores-cpe\c2_vs2017\resources.cpp(3146): warning C4244: '=': conversion from 'double' to 'float', possible loss of data
c:\users\ojm14\documents\github\carnivores-cpe\c2_vs2017\resources.cpp(3182): warning C4244: '=': conversion from 'double' to 'float', possible loss of data
c:\users\ojm14\documents\github\carnivores-cpe\c2_vs2017\resources.cpp(3183): warning C4244: '=': conversion from 'double' to 'float', possible loss of data
  Generating code
  All 384 functions were compiled because no usable IPDB/IOBJ from previous compilation was found.
  Finished generating code
  C2.vcxproj -> C:\Users\ojm14\Documents\GitHub\Carnivores-CPE\C2_vs2017\Release D3D\v_d3d.ren
