c:\users\ojm14\documents\github\carnivores-cpe\c2_vs2017\release d3d\v_d3d.ipdb
c:\users\ojm14\documents\github\carnivores-cpe\c2_vs2017\release d3d\v_d3d.iobj
c:\users\ojm14\documents\github\carnivores-cpe\c2_vs2017\c2\release d3d\vc141.pdb
c:\users\ojm14\documents\github\carnivores-cpe\c2_vs2017\c2\release d3d\resources.obj
c:\users\ojm14\documents\github\carnivores-cpe\c2_vs2017\c2\release d3d\rendererd3d.obj
c:\users\ojm14\documents\github\carnivores-cpe\c2_vs2017\c2\release d3d\math.obj
c:\users\ojm14\documents\github\carnivores-cpe\c2_vs2017\c2\release d3d\interface.obj
c:\users\ojm14\documents\github\carnivores-cpe\c2_vs2017\c2\release d3d\hunt.obj
c:\users\ojm14\documents\github\carnivores-cpe\c2_vs2017\c2\release d3d\game.obj
c:\users\ojm14\documents\github\carnivores-cpe\c2_vs2017\c2\release d3d\characters.obj
c:\users\ojm14\documents\github\carnivores-cpe\c2_vs2017\c2\release d3d\audio_dll.obj
c:\users\ojm14\documents\github\carnivores-cpe\c2_vs2017\release d3d\v_d3d.ren
c:\users\ojm14\documents\github\carnivores-cpe\c2_vs2017\release d3d\v_d3d.pdb
c:\users\ojm14\documents\github\carnivores-cpe\c2_vs2017\c2\release d3d\appres.res
c:\users\ojm14\documents\github\carnivores-cpe\c2_vs2017\c2\release d3d\c2.tlog\c2.write.1u.tlog
c:\users\ojm14\documents\github\carnivores-cpe\c2_vs2017\c2\release d3d\c2.tlog\cl.command.1.tlog
c:\users\ojm14\documents\github\carnivores-cpe\c2_vs2017\c2\release d3d\c2.tlog\cl.read.1.tlog
c:\users\ojm14\documents\github\carnivores-cpe\c2_vs2017\c2\release d3d\c2.tlog\cl.write.1.tlog
c:\users\ojm14\documents\github\carnivores-cpe\c2_vs2017\c2\release d3d\c2.tlog\link.command.1.tlog
c:\users\ojm14\documents\github\carnivores-cpe\c2_vs2017\c2\release d3d\c2.tlog\link.read.1.tlog
c:\users\ojm14\documents\github\carnivores-cpe\c2_vs2017\c2\release d3d\c2.tlog\link.write.1.tlog
c:\users\ojm14\documents\github\carnivores-cpe\c2_vs2017\c2\release d3d\c2.tlog\rc.command.1.tlog
c:\users\ojm14\documents\github\carnivores-cpe\c2_vs2017\c2\release d3d\c2.tlog\rc.read.1.tlog
c:\users\ojm14\documents\github\carnivores-cpe\c2_vs2017\c2\release d3d\c2.tlog\rc.write.1.tlog
