Creating main window...Ok.

==Init Direct Sound==
Software mixer version 1.3
Back Sound Buffer created.
Device0: Speakers (Realtek High Definition Audio(SST))/{0.0.0.00000000}.{8e428564-7972-4330-93e8-69de213d259c}
DirectSoundEnumerate: Ok
Acceptable device: 0
Device selected  : 0
DirectSoundCreate: Ok
Attempting to set WRITEPRIMARY CooperativeLevel:
Set Cooperative  : Ok
CreateSoundBuffer: Ok (Primary)
SetFormat        : Ok
Play             : Ok
Direct Sound activated.

==Init Direct Draw==
Primary Display Driver/display
Audio restored.
Audio restored.
Audio restored.
Audio restored.
Audio restored.
Audio restored.
DirectDrawCreate: Ok
SetCooperativeLevel: Ok
Direct Draw activated.

== Loading resources ==
Audio restored.
Audio restored.
Loading resources: Done.
Entering messages loop.
  Entered menu
Audio restored.
Audio restored.
Audio restored.
Audio restored.
Audio restored.
Audio restored.
Audio restored.
Audio restored.
Audio restored.
Audio restored.
Trophy Loaded.
Trophy Saved.
Trophy Saved.
Trophy Saved.
Trophy Loaded.

==Init Direct Sound==
Software mixer version 1.3
Back Sound Buffer created.
Device0: Speakers (Realtek High Definition Audio(SST))/{0.0.0.00000000}.{8e428564-7972-4330-93e8-69de213d259c}
DirectSoundEnumerate: Ok
Acceptable device: 0
Device selected  : 0
DirectSoundCreate: Ok
Attempting to set WRITEPRIMARY CooperativeLevel:
Set Cooperative  : Ok
CreateSoundBuffer: Ok (Primary)
SetFormat        : Ok
Play             : Ok
Direct Sound activated.
Audio restored.
Audio restored.
Audio restored.
Audio restored.
Audio restored.
Audio restored.
Audio restored.
Audio restored.
Audio restored.
Audio restored.
Audio restored.
Audio restored.
Audio restored.
Audio restored.
Game normal shutdown.
