  RenderSoft.cpp
c:\users\ojm14\documents\github\carnivores-cpe\c2_vs2017\rendersoft.cpp(186): warning C4244: '=': conversion from 'float' to 'int', possible loss of data
c:\users\ojm14\documents\github\carnivores-cpe\c2_vs2017\rendersoft.cpp(864): warning C4102: 'SKIP': unreferenced label
c:\users\ojm14\documents\github\carnivores-cpe\c2_vs2017\rendersoft.cpp(1412): warning C4244: '=': conversion from 'float' to 'int', possible loss of data
c:\users\ojm14\documents\github\carnivores-cpe\c2_vs2017\rendersoft.cpp(1413): warning C4244: '=': conversion from 'float' to 'int', possible loss of data
c:\users\ojm14\documents\github\carnivores-cpe\c2_vs2017\rendersoft.cpp(1423): warning C4244: '=': conversion from 'float' to 'int', possible loss of data
c:\users\ojm14\documents\github\carnivores-cpe\c2_vs2017\rendersoft.cpp(1424): warning C4244: '=': conversion from 'float' to 'int', possible loss of data
c:\users\ojm14\documents\github\carnivores-cpe\c2_vs2017\rendersoft.cpp(1925): warning C4244: '=': conversion from 'int' to 'float', possible loss of data
c:\users\ojm14\documents\github\carnivores-cpe\c2_vs2017\rendersoft.cpp(1926): warning C4244: '=': conversion from 'int' to 'float', possible loss of data
c:\users\ojm14\documents\github\carnivores-cpe\c2_vs2017\rendersoft.cpp(1928): warning C4244: '=': conversion from 'int' to 'float', possible loss of data
c:\users\ojm14\documents\github\carnivores-cpe\c2_vs2017\rendersoft.cpp(1929): warning C4244: '=': conversion from 'int' to 'float', possible loss of data
c:\users\ojm14\documents\github\carnivores-cpe\c2_vs2017\rendersoft.cpp(1931): warning C4244: '=': conversion from 'int' to 'float', possible loss of data
c:\users\ojm14\documents\github\carnivores-cpe\c2_vs2017\rendersoft.cpp(1932): warning C4244: '=': conversion from 'int' to 'float', possible loss of data
c:\users\ojm14\documents\github\carnivores-cpe\c2_vs2017\rendersoft.cpp(1978): warning C4244: '=': conversion from 'float' to 'int', possible loss of data
c:\users\ojm14\documents\github\carnivores-cpe\c2_vs2017\rendersoft.cpp(1979): warning C4244: '=': conversion from 'float' to 'int', possible loss of data
c:\users\ojm14\documents\github\carnivores-cpe\c2_vs2017\rendersoft.cpp(1989): warning C4244: '=': conversion from 'float' to 'int', possible loss of data
c:\users\ojm14\documents\github\carnivores-cpe\c2_vs2017\rendersoft.cpp(1990): warning C4244: '=': conversion from 'float' to 'int', possible loss of data
c:\users\ojm14\documents\github\carnivores-cpe\c2_vs2017\rendersoft.cpp(2092): warning C4244: '=': conversion from 'int' to 'float', possible loss of data
c:\users\ojm14\documents\github\carnivores-cpe\c2_vs2017\rendersoft.cpp(2093): warning C4244: '=': conversion from 'int' to 'float', possible loss of data
c:\users\ojm14\documents\github\carnivores-cpe\c2_vs2017\rendersoft.cpp(2095): warning C4244: '=': conversion from 'int' to 'float', possible loss of data
c:\users\ojm14\documents\github\carnivores-cpe\c2_vs2017\rendersoft.cpp(2096): warning C4244: '=': conversion from 'int' to 'float', possible loss of data
c:\users\ojm14\documents\github\carnivores-cpe\c2_vs2017\rendersoft.cpp(2098): warning C4244: '=': conversion from 'int' to 'float', possible loss of data
c:\users\ojm14\documents\github\carnivores-cpe\c2_vs2017\rendersoft.cpp(2099): warning C4244: '=': conversion from 'int' to 'float', possible loss of data
c:\users\ojm14\documents\github\carnivores-cpe\c2_vs2017\rendersoft.cpp(2127): warning C4244: '=': conversion from 'float' to 'int', possible loss of data
c:\users\ojm14\documents\github\carnivores-cpe\c2_vs2017\rendersoft.cpp(2128): warning C4244: '=': conversion from 'float' to 'int', possible loss of data
c:\users\ojm14\documents\github\carnivores-cpe\c2_vs2017\rendersoft.cpp(2138): warning C4244: '=': conversion from 'float' to 'int', possible loss of data
c:\users\ojm14\documents\github\carnivores-cpe\c2_vs2017\rendersoft.cpp(2139): warning C4244: '=': conversion from 'float' to 'int', possible loss of data
c:\users\ojm14\documents\github\carnivores-cpe\c2_vs2017\rendersoft.cpp(2277): warning C4101: 'f': unreferenced local variable
c:\users\ojm14\documents\github\carnivores-cpe\c2_vs2017\rendersoft.cpp(2405): warning C4244: '=': conversion from 'int' to 'float', possible loss of data
c:\users\ojm14\documents\github\carnivores-cpe\c2_vs2017\rendersoft.cpp(2406): warning C4244: '=': conversion from 'int' to 'float', possible loss of data
c:\users\ojm14\documents\github\carnivores-cpe\c2_vs2017\rendersoft.cpp(2408): warning C4244: '=': conversion from 'int' to 'float', possible loss of data
c:\users\ojm14\documents\github\carnivores-cpe\c2_vs2017\rendersoft.cpp(2409): warning C4244: '=': conversion from 'int' to 'float', possible loss of data
c:\users\ojm14\documents\github\carnivores-cpe\c2_vs2017\rendersoft.cpp(2411): warning C4244: '=': conversion from 'int' to 'float', possible loss of data
c:\users\ojm14\documents\github\carnivores-cpe\c2_vs2017\rendersoft.cpp(2412): warning C4244: '=': conversion from 'int' to 'float', possible loss of data
c:\users\ojm14\documents\github\carnivores-cpe\c2_vs2017\rendersoft.cpp(2435): warning C4244: '=': conversion from 'float' to 'int', possible loss of data
c:\users\ojm14\documents\github\carnivores-cpe\c2_vs2017\rendersoft.cpp(2436): warning C4244: '=': conversion from 'float' to 'int', possible loss of data
c:\users\ojm14\documents\github\carnivores-cpe\c2_vs2017\rendersoft.cpp(2449): warning C4244: '=': conversion from 'float' to 'int', possible loss of data
c:\users\ojm14\documents\github\carnivores-cpe\c2_vs2017\rendersoft.cpp(2450): warning C4244: '=': conversion from 'float' to 'int', possible loss of data
c:\users\ojm14\documents\github\carnivores-cpe\c2_vs2017\rendersoft.cpp(2475): warning C4244: '=': conversion from 'float' to 'int', possible loss of data
c:\users\ojm14\documents\github\carnivores-cpe\c2_vs2017\rendersoft.cpp(2519): warning C4244: '=': conversion from 'float' to 'int', possible loss of data
c:\users\ojm14\documents\github\carnivores-cpe\c2_vs2017\rendersoft.cpp(2541): warning C4244: '=': conversion from 'float' to 'int', possible loss of data
c:\users\ojm14\documents\github\carnivores-cpe\c2_vs2017\rendersoft.cpp(2564): warning C4244: '=': conversion from 'float' to 'int', possible loss of data
c:\users\ojm14\documents\github\carnivores-cpe\c2_vs2017\rendersoft.cpp(2763): warning C4244: '+=': conversion from 'double' to 'float', possible loss of data
c:\users\ojm14\documents\github\carnivores-cpe\c2_vs2017\rendersoft.cpp(2765): warning C4244: 'argument': conversion from 'float' to 'int', possible loss of data
c:\users\ojm14\documents\github\carnivores-cpe\c2_vs2017\rendersoft.cpp(2803): warning C4244: '=': conversion from 'int' to 'float', possible loss of data
c:\users\ojm14\documents\github\carnivores-cpe\c2_vs2017\rendersoft.cpp(2804): warning C4244: '=': conversion from 'int' to 'float', possible loss of data
c:\users\ojm14\documents\github\carnivores-cpe\c2_vs2017\rendersoft.cpp(2811): warning C4244: 'argument': conversion from 'float' to 'int', possible loss of data
c:\users\ojm14\documents\github\carnivores-cpe\c2_vs2017\rendersoft.cpp(2812): warning C4244: 'argument': conversion from 'float' to 'int', possible loss of data
  Generating code
  3 of 366 functions ( 0.8%) were compiled, the rest were copied from previous compilation.
    0 functions were new in current compilation
    3 functions had inline decision re-evaluated but remain unchanged
  Finished generating code
  C2.vcxproj -> C:\Users\ojm14\Documents\GitHub\Carnivores-CPE\C2_vs2017\Release Soft\v_soft.ren
