c:\users\ojm14\documents\github\carnivores-cpe\c2_vs2017\release soft\v_soft.ipdb
c:\users\ojm14\documents\github\carnivores-cpe\c2_vs2017\release soft\v_soft.iobj
c:\users\ojm14\documents\github\carnivores-cpe\c2_vs2017\c2\release soft\vc141.pdb
c:\users\ojm14\documents\github\carnivores-cpe\c2_vs2017\c2\release soft\resources.obj
c:\users\ojm14\documents\github\carnivores-cpe\c2_vs2017\c2\release soft\rendersoft.obj
c:\users\ojm14\documents\github\carnivores-cpe\c2_vs2017\c2\release soft\hunt.obj
c:\users\ojm14\documents\github\carnivores-cpe\c2_vs2017\c2\release soft\renderasm.obj
c:\users\ojm14\documents\github\carnivores-cpe\c2_vs2017\c2\release soft\math.obj
c:\users\ojm14\documents\github\carnivores-cpe\c2_vs2017\c2\release soft\interface.obj
c:\users\ojm14\documents\github\carnivores-cpe\c2_vs2017\c2\release soft\game.obj
c:\users\ojm14\documents\github\carnivores-cpe\c2_vs2017\c2\release soft\characters.obj
c:\users\ojm14\documents\github\carnivores-cpe\c2_vs2017\c2\release soft\audio_dll.obj
c:\users\ojm14\documents\github\carnivores-cpe\c2_vs2017\release soft\v_soft.ren
c:\users\ojm14\documents\github\carnivores-cpe\c2_vs2017\release soft\v_soft.pdb
c:\users\ojm14\documents\github\carnivores-cpe\c2_vs2017\c2\release soft\appres.res
c:\users\ojm14\documents\github\carnivores-cpe\c2_vs2017\c2\release soft\c2.tlog\c2.write.1u.tlog
c:\users\ojm14\documents\github\carnivores-cpe\c2_vs2017\c2\release soft\c2.tlog\cl.command.1.tlog
c:\users\ojm14\documents\github\carnivores-cpe\c2_vs2017\c2\release soft\c2.tlog\cl.read.1.tlog
c:\users\ojm14\documents\github\carnivores-cpe\c2_vs2017\c2\release soft\c2.tlog\cl.write.1.tlog
c:\users\ojm14\documents\github\carnivores-cpe\c2_vs2017\c2\release soft\c2.tlog\link.command.1.tlog
c:\users\ojm14\documents\github\carnivores-cpe\c2_vs2017\c2\release soft\c2.tlog\link.read.1.tlog
c:\users\ojm14\documents\github\carnivores-cpe\c2_vs2017\c2\release soft\c2.tlog\link.write.1.tlog
c:\users\ojm14\documents\github\carnivores-cpe\c2_vs2017\c2\release soft\c2.tlog\rc.command.1.tlog
c:\users\ojm14\documents\github\carnivores-cpe\c2_vs2017\c2\release soft\c2.tlog\rc.read.1.tlog
c:\users\ojm14\documents\github\carnivores-cpe\c2_vs2017\c2\release soft\c2.tlog\rc.write.1.tlog
